Copyright 1986-2018 Xilinx, Inc. All Rights Reserved.
-------------------------------------------------------------------------------------------------------------------------------
| Tool Version     : Vivado v.2018.3 (win64) Build 2405991 Thu Dec  6 23:38:27 MST 2018
| Date             : Tue Jun  7 18:08:10 2022
| Host             : LAPTOP-JMMFBA79 running 64-bit major release  (build 9200)
| Command          : report_power -file soc_power_routed.rpt -pb soc_power_summary_routed.pb -rpx soc_power_routed.rpx
| Design           : soc
| Device           : xc7k160tffg676-2L
| Design State     : routed
| Grade            : extended
| Process          : typical
| Characterization : Production
-------------------------------------------------------------------------------------------------------------------------------

Power Report

Table of Contents
-----------------
1. Summary
1.1 On-Chip Components
1.2 Power Supply Summary
1.3 Confidence Level
2. Settings
2.1 Environment
2.2 Clock Constraints
3. Detailed Reports
3.1 By Hierarchy

1. Summary
----------

+--------------------------+----------------------------------+
| Total On-Chip Power (W)  | 46.954 (Junction temp exceeded!) |
| Design Power Budget (W)  | Unspecified*                     |
| Power Budget Margin (W)  | NA                               |
| Dynamic (W)              | 45.398                           |
| Device Static (W)        | 1.556                            |
| Effective TJA (C/W)      | 1.9                              |
| Max Ambient (C)          | 9.6                              |
| Junction Temperature (C) | 115.4                            |
| Confidence Level         | Low                              |
| Setting File             | ---                              |
| Simulation Activity File | ---                              |
| Design Nets Matched      | NA                               |
+--------------------------+----------------------------------+
* Specify Design Power Budget using, set_operating_conditions -design_power_budget <value in Watts>


1.1 On-Chip Components
----------------------

+--------------------------+-----------+----------+-----------+-----------------+
| On-Chip                  | Power (W) | Used     | Available | Utilization (%) |
+--------------------------+-----------+----------+-----------+-----------------+
| Slice Logic              |    10.352 |     7971 |       --- |             --- |
|   LUT as Logic           |     9.244 |     3861 |    101400 |            3.81 |
|   CARRY4                 |     0.362 |      101 |     25350 |            0.40 |
|   LUT as Distributed RAM |     0.250 |      768 |     35000 |            2.19 |
|   F7/F8 Muxes            |     0.240 |      810 |    101400 |            0.80 |
|   Register               |     0.222 |     2167 |    202800 |            1.07 |
|   BUFG                   |     0.033 |        6 |        32 |           18.75 |
|   Others                 |     0.000 |       33 |       --- |             --- |
| Signals                  |    21.193 |     5633 |       --- |             --- |
| Block RAM                |     0.117 |        1 |       325 |            0.31 |
| I/O                      |    13.736 |       44 |       400 |           11.00 |
| Static Power             |     1.556 |          |           |                 |
| Total                    |    46.954 |          |           |                 |
+--------------------------+-----------+----------+-----------+-----------------+


1.2 Power Supply Summary
------------------------

+-----------+-------------+-----------+-------------+------------+
| Source    | Voltage (V) | Total (A) | Dynamic (A) | Static (A) |
+-----------+-------------+-----------+-------------+------------+
| Vccint    |       1.000 |    33.058 |      31.741 |      1.317 |
| Vccaux    |       1.800 |     0.583 |       0.498 |      0.084 |
| Vcco33    |       3.300 |     3.851 |       3.850 |      0.001 |
| Vcco25    |       2.500 |     0.000 |       0.000 |      0.000 |
| Vcco18    |       1.800 |     0.011 |       0.010 |      0.001 |
| Vcco15    |       1.500 |     0.020 |       0.019 |      0.001 |
| Vcco135   |       1.350 |     0.000 |       0.000 |      0.000 |
| Vcco12    |       1.200 |     0.000 |       0.000 |      0.000 |
| Vccaux_io |       1.800 |     0.000 |       0.000 |      0.000 |
| Vccbram   |       1.000 |     0.055 |       0.010 |      0.045 |
| MGTAVcc   |       1.000 |     0.000 |       0.000 |      0.000 |
| MGTAVtt   |       1.200 |     0.000 |       0.000 |      0.000 |
| MGTVccaux |       1.800 |     0.000 |       0.000 |      0.000 |
| Vccadc    |       1.800 |     0.020 |       0.000 |      0.020 |
+-----------+-------------+-----------+-------------+------------+


1.3 Confidence Level
--------------------

+-----------------------------+------------+--------------------------------------------------------+--------------------------------------------------------------------------------------------------------------------+
| User Input Data             | Confidence | Details                                                | Action                                                                                                             |
+-----------------------------+------------+--------------------------------------------------------+--------------------------------------------------------------------------------------------------------------------+
| Design implementation state | High       | Design is routed                                       |                                                                                                                    |
| Clock nodes activity        | Low        | User specified less than 75% of clocks                 | Provide missing clock activity with a constraint file, simulation results or by editing the "By Clock Domain" view |
| I/O nodes activity          | Low        | More than 75% of inputs are missing user specification | Provide missing input activity with simulation results or by editing the "By Resource Type -> I/Os" view           |
| Internal nodes activity     | Medium     | User specified less than 25% of internal nodes         | Provide missing internal nodes activity with simulation results or by editing the "By Resource Type" views         |
| Device models               | High       | Device models are Production                           |                                                                                                                    |
|                             |            |                                                        |                                                                                                                    |
| Overall confidence level    | Low        |                                                        |                                                                                                                    |
+-----------------------------+------------+--------------------------------------------------------+--------------------------------------------------------------------------------------------------------------------+


2. Settings
-----------

2.1 Environment
---------------

+-----------------------+--------------------------+
| Ambient Temp (C)      | 25.0                     |
| ThetaJA (C/W)         | 1.9                      |
| Airflow (LFM)         | 250                      |
| Heat Sink             | medium (Medium Profile)  |
| ThetaSA (C/W)         | 3.4                      |
| Board Selection       | medium (10"x10")         |
| # of Board Layers     | 12to15 (12 to 15 Layers) |
| Board Temperature (C) | 25.0                     |
+-----------------------+--------------------------+


2.2 Clock Constraints
---------------------

+-------+--------+-----------------+
| Clock | Domain | Constraint (ns) |
+-------+--------+-----------------+


3. Detailed Reports
-------------------

3.1 By Hierarchy
----------------

+--------------------------------------+-----------+
| Name                                 | Power (W) |
+--------------------------------------+-----------+
| soc                                  |    45.398 |
|   U1                                 |     8.102 |
|     Ex_reg_Mem                       |     0.734 |
|     ID_reg_Ex                        |     1.183 |
|     IF_reg_ID                        |     0.740 |
|     Mem_reg_WB                       |     0.428 |
|     Pipeline_Ex                      |     0.303 |
|       my_alu                         |     0.058 |
|     Pipeline_ID                      |     1.409 |
|       RegFile_1                      |     1.409 |
|     Pipeline_IF                      |     0.934 |
|       PC_2                           |     0.848 |
|     pip_WB                           |     2.373 |
|   U10                                |     1.624 |
|   U11                                |    19.085 |
|     vga_controller                   |     5.191 |
|     vga_debugger                     |    11.721 |
|     vga_display                      |     2.173 |
|       display_data_reg_0_63_0_2      |     0.005 |
|       display_data_reg_0_63_3_5      |     0.001 |
|       display_data_reg_1024_1087_0_2 |     0.004 |
|       display_data_reg_1024_1087_3_5 |     0.002 |
|       display_data_reg_1088_1151_0_2 |     0.005 |
|       display_data_reg_1088_1151_3_5 |     0.001 |
|       display_data_reg_1152_1215_0_2 |     0.004 |
|       display_data_reg_1152_1215_3_5 |     0.001 |
|       display_data_reg_1216_1279_0_2 |     0.004 |
|       display_data_reg_1216_1279_3_5 |     0.002 |
|       display_data_reg_1280_1343_0_2 |     0.005 |
|       display_data_reg_1280_1343_3_5 |     0.001 |
|       display_data_reg_128_191_0_2   |     0.005 |
|       display_data_reg_128_191_3_5   |     0.002 |
|       display_data_reg_1344_1407_0_2 |     0.005 |
|       display_data_reg_1344_1407_3_5 |     0.002 |
|       display_data_reg_1408_1471_0_2 |     0.004 |
|       display_data_reg_1408_1471_3_5 |     0.001 |
|       display_data_reg_1472_1535_0_2 |     0.006 |
|       display_data_reg_1472_1535_3_5 |     0.001 |
|       display_data_reg_1536_1599_0_2 |     0.005 |
|       display_data_reg_1536_1599_3_5 |     0.001 |
|       display_data_reg_1600_1663_0_2 |     0.005 |
|       display_data_reg_1600_1663_3_5 |     0.001 |
|       display_data_reg_1664_1727_0_2 |     0.005 |
|       display_data_reg_1664_1727_3_5 |     0.002 |
|       display_data_reg_1728_1791_0_2 |     0.005 |
|       display_data_reg_1728_1791_3_5 |     0.001 |
|       display_data_reg_1792_1855_0_2 |     0.004 |
|       display_data_reg_1792_1855_3_5 |     0.002 |
|       display_data_reg_1856_1919_0_2 |     0.005 |
|       display_data_reg_1856_1919_3_5 |     0.002 |
|       display_data_reg_1920_1983_0_2 |     0.005 |
|       display_data_reg_1920_1983_3_5 |     0.001 |
|       display_data_reg_192_255_0_2   |     0.005 |
|       display_data_reg_192_255_3_5   |     0.002 |
|       display_data_reg_1984_2047_0_2 |     0.005 |
|       display_data_reg_1984_2047_3_5 |     0.001 |
|       display_data_reg_2048_2111_0_2 |     0.005 |
|       display_data_reg_2048_2111_3_5 |     0.001 |
|       display_data_reg_2112_2175_0_2 |     0.004 |
|       display_data_reg_2112_2175_3_5 |     0.001 |
|       display_data_reg_2176_2239_0_2 |     0.004 |
|       display_data_reg_2176_2239_3_5 |     0.001 |
|       display_data_reg_2240_2303_0_2 |     0.005 |
|       display_data_reg_2240_2303_3_5 |     0.001 |
|       display_data_reg_2304_2367_0_2 |     0.005 |
|       display_data_reg_2304_2367_3_5 |     0.002 |
|       display_data_reg_2368_2431_0_2 |     0.004 |
|       display_data_reg_2368_2431_3_5 |     0.001 |
|       display_data_reg_2432_2495_0_2 |     0.005 |
|       display_data_reg_2432_2495_3_5 |     0.002 |
|       display_data_reg_2496_2559_0_2 |     0.004 |
|       display_data_reg_2496_2559_3_5 |     0.001 |
|       display_data_reg_2560_2623_0_2 |     0.004 |
|       display_data_reg_2560_2623_3_5 |     0.002 |
|       display_data_reg_256_319_0_2   |     0.004 |
|       display_data_reg_256_319_3_5   |     0.002 |
|       display_data_reg_2624_2687_0_2 |     0.005 |
|       display_data_reg_2624_2687_3_5 |     0.002 |
|       display_data_reg_2688_2751_0_2 |     0.005 |
|       display_data_reg_2688_2751_3_5 |     0.002 |
|       display_data_reg_2752_2815_0_2 |     0.005 |
|       display_data_reg_2752_2815_3_5 |     0.001 |
|       display_data_reg_2816_2879_0_2 |     0.005 |
|       display_data_reg_2816_2879_3_5 |     0.002 |
|       display_data_reg_2880_2943_0_2 |     0.005 |
|       display_data_reg_2880_2943_3_5 |     0.002 |
|       display_data_reg_2944_3007_0_2 |     0.005 |
|       display_data_reg_2944_3007_3_5 |     0.001 |
|       display_data_reg_3008_3071_0_2 |     0.005 |
|       display_data_reg_3008_3071_3_5 |     0.002 |
|       display_data_reg_3072_3135_0_2 |     0.004 |
|       display_data_reg_3072_3135_3_5 |     0.002 |
|       display_data_reg_3136_3199_0_2 |     0.004 |
|       display_data_reg_3136_3199_3_5 |     0.002 |
|       display_data_reg_3200_3263_0_2 |     0.005 |
|       display_data_reg_3200_3263_3_5 |     0.001 |
|       display_data_reg_320_383_0_2   |     0.005 |
|       display_data_reg_320_383_3_5   |     0.002 |
|       display_data_reg_3264_3327_0_2 |     0.005 |
|       display_data_reg_3264_3327_3_5 |     0.001 |
|       display_data_reg_3328_3391_0_2 |     0.006 |
|       display_data_reg_3328_3391_3_5 |     0.002 |
|       display_data_reg_3392_3455_0_2 |     0.005 |
|       display_data_reg_3392_3455_3_5 |     0.001 |
|       display_data_reg_3456_3519_0_2 |     0.004 |
|       display_data_reg_3456_3519_3_5 |     0.001 |
|       display_data_reg_3520_3583_0_2 |     0.005 |
|       display_data_reg_3520_3583_3_5 |     0.002 |
|       display_data_reg_3584_3647_0_2 |     0.004 |
|       display_data_reg_3584_3647_3_5 |     0.001 |
|       display_data_reg_3648_3711_0_2 |     0.005 |
|       display_data_reg_3648_3711_3_5 |     0.002 |
|       display_data_reg_3712_3775_0_2 |     0.004 |
|       display_data_reg_3712_3775_3_5 |     0.001 |
|       display_data_reg_3776_3839_0_2 |     0.004 |
|       display_data_reg_3776_3839_3_5 |     0.001 |
|       display_data_reg_3840_3903_0_2 |     0.005 |
|       display_data_reg_3840_3903_3_5 |     0.002 |
|       display_data_reg_384_447_0_2   |     0.004 |
|       display_data_reg_384_447_3_5   |     0.002 |
|       display_data_reg_3904_3967_0_2 |     0.005 |
|       display_data_reg_3904_3967_3_5 |     0.001 |
|       display_data_reg_3968_4031_0_2 |     0.005 |
|       display_data_reg_3968_4031_3_5 |     0.002 |
|       display_data_reg_4032_4095_0_2 |     0.005 |
|       display_data_reg_4032_4095_3_5 |     0.001 |
|       display_data_reg_448_511_0_2   |     0.004 |
|       display_data_reg_448_511_3_5   |     0.001 |
|       display_data_reg_512_575_0_2   |     0.005 |
|       display_data_reg_512_575_3_5   |     0.001 |
|       display_data_reg_576_639_0_2   |     0.004 |
|       display_data_reg_576_639_3_5   |     0.002 |
|       display_data_reg_640_703_0_2   |     0.004 |
|       display_data_reg_640_703_3_5   |     0.001 |
|       display_data_reg_64_127_0_2    |     0.004 |
|       display_data_reg_64_127_3_5    |     0.002 |
|       display_data_reg_704_767_0_2   |     0.005 |
|       display_data_reg_704_767_3_5   |     0.001 |
|       display_data_reg_768_831_0_2   |     0.004 |
|       display_data_reg_768_831_3_5   |     0.002 |
|       display_data_reg_832_895_0_2   |     0.005 |
|       display_data_reg_832_895_3_5   |     0.001 |
|       display_data_reg_896_959_0_2   |     0.005 |
|       display_data_reg_896_959_3_5   |     0.002 |
|       display_data_reg_960_1023_0_2  |     0.005 |
|       display_data_reg_960_1023_3_5  |     0.001 |
|   U2                                 |     0.496 |
|     U0                               |     0.496 |
|       synth_options.dist_mem_inst    |     0.496 |
|   U3                                 |     0.123 |
|     RAM_B                            |     0.123 |
|       U0                             |     0.123 |
|   U4                                 |     0.093 |
|   U7                                 |     0.150 |
|     LED_P2S                          |     0.150 |
|   U8                                 |     0.385 |
|   U9                                 |     0.106 |
|   nolabel_line324                    |     0.363 |
|   nolabel_line446                    |     0.910 |
|     M2                               |     0.466 |
|     SM1                              |     0.444 |
|       HTS0                           |     0.035 |
|       HTS1                           |     0.043 |
|       HTS2                           |     0.047 |
|       HTS3                           |     0.048 |
|       HTS4                           |     0.056 |
|       HTS5                           |     0.073 |
|       HTS6                           |     0.071 |
|       HTS7                           |     0.070 |
+--------------------------------------+-----------+


